{"time":"2023-07-14 11:17:55","type":"error","msg":"[8]Undefined index: checklable[E:\\soft\\unggame\\app\\api\\controller\\Login.php:196]"}
{"time":"2023-07-14 11:18:57","type":"error","msg":"[8]Undefined index: checklable[E:\\soft\\unggame\\app\\api\\controller\\Login.php:196]"}
{"time":"2023-07-14 11:19:17","type":"error","msg":"[8]Undefined index: checklable[E:\\soft\\unggame\\app\\api\\controller\\Login.php:196]"}
{"time":"2023-07-14 11:21:08","type":"error","msg":"[8]Undefined index: checklable[E:\\soft\\unggame\\app\\api\\controller\\Login.php:196]"}
{"time":"2023-07-14 11:23:12","type":"error","msg":"[8]Undefined index: checklable[E:\\soft\\unggame\\app\\api\\controller\\Login.php:196]"}
{"time":"2023-07-14 14:28:33","type":"error","msg":"[2]file_get_contents(http://www.connect6play.com/doBusiness.do): failed to open stream: HTTP request failed! HTTP/1.1 400 Bad Request\r\n[E:\\soft\\unggame\\app\\common\\game\\ApiGame.php:183]"}
{"time":"2023-07-14 14:30:19","type":"error","msg":"[2]file_get_contents(https://api.cqgame.games/gameboy/game/list): failed to open stream: HTTP request failed! HTTP/1.1 400 Bad Request\r\n[E:\\soft\\unggame\\app\\common\\game\\ApiGame.php:183]"}
{"time":"2023-07-14 14:34:09","type":"error","msg":"[2]file_get_contents(https://api.cqgame.games/gameboy/game/list): failed to open stream: HTTP request failed! HTTP/1.1 400 Bad Request\r\n[E:\\soft\\unggame\\app\\common\\game\\ApiGame.php:183]"}
{"time":"2023-07-14 14:35:01","type":"error","msg":"[2]file_get_contents(https://api.cqgame.games/gameboy/game/list): failed to open stream: HTTP request failed! HTTP/1.1 400 Bad Request\r\n[E:\\soft\\unggame\\app\\common\\game\\ApiGame.php:184]"}
{"time":"2023-07-14 14:36:54","type":"error","msg":"[2]file_get_contents(https://api.cqgame.games/gameboy/game/list): failed to open stream: HTTP request failed! HTTP/1.1 400 Bad Request\r\n[E:\\soft\\unggame\\app\\common\\game\\ApiGame.php:184]"}
{"time":"2023-07-14 14:46:39","type":"error","msg":"[2]file_get_contents(https://api.cqgame.games/gameboy/game/list): failed to open stream: HTTP request failed! HTTP/1.1 400 Bad Request\r\n[E:\\soft\\unggame\\app\\common\\game\\ApiGame.php:184]"}
{"time":"2023-07-14 14:48:06","type":"error","msg":"[2]file_get_contents(https://api.cqgame.games/gameboy/game/list): failed to open stream: HTTP request failed! HTTP/1.1 411 Length Required\r\n[E:\\soft\\unggame\\app\\common\\game\\ApiGame.php:185]"}
{"time":"2023-07-14 14:52:39","type":"error","msg":"[2]file_get_contents(https://api.cqgame.games/gameboy/game/list): failed to open stream: HTTP request failed! HTTP/1.1 411 Length Required\r\n[E:\\soft\\unggame\\app\\common\\game\\ApiGame.php:185]"}
{"time":"2023-07-14 14:53:16","type":"error","msg":"[2]file_get_contents(https://api.cqgame.games/gameboy/game/list): failed to open stream: HTTP request failed! HTTP/1.1 411 Length Required\r\n[E:\\soft\\unggame\\app\\common\\game\\ApiGame.php:186]"}
{"time":"2023-07-14 14:54:27","type":"error","msg":"[0]file_get_contents() expects parameter 3 to be resource, string given[E:\\soft\\unggame\\app\\common\\game\\ApiGame.php:186]"}
{"time":"2023-07-14 15:00:40","type":"error","msg":"[0]http_build_query() expects parameter 1 to be array, string given[E:\\soft\\unggame\\app\\common\\game\\ApiGame.php:180]"}
{"time":"2023-07-14 15:08:57","type":"error","msg":"[2]file_get_contents(https://api.cqgame.games/gameboy/game/list?gamehall=cq9): failed to open stream: HTTP request failed! HTTP/1.1 411 Length Required\r\n[E:\\soft\\unggame\\app\\common\\game\\ApiGame.php:186]"}
{"time":"2023-07-14 15:09:22","type":"error","msg":"[2]file_get_contents(https://api.cqgame.games/gameboy/game/list): failed to open stream: HTTP request failed! HTTP/1.1 411 Length Required\r\n[E:\\soft\\unggame\\app\\common\\game\\ApiGame.php:186]"}
{"time":"2023-07-14 15:13:26","type":"error","msg":"[2]file_get_contents(https://api.cqgame.games/gameboy/game/list): failed to open stream: HTTP request failed! HTTP/1.1 411 Length Required\r\n[E:\\soft\\unggame\\app\\common\\game\\ApiGame.php:188]"}
{"time":"2023-07-14 15:14:30","type":"error","msg":"[2]file_get_contents(https://api.cqgame.games/gameboy/game/list): failed to open stream: HTTP request failed! HTTP/1.1 411 Length Required\r\n[E:\\soft\\unggame\\app\\common\\game\\ApiGame.php:188]"}
{"time":"2023-07-14 15:16:33","type":"error","msg":"[2]file_get_contents(https://api.cqgame.games/gameboy/game/list): failed to open stream: HTTP request failed! HTTP/1.1 411 Length Required\r\n[E:\\soft\\unggame\\app\\common\\game\\ApiGame.php:188]"}
{"time":"2023-07-14 15:19:50","type":"error","msg":"[0]file_get_contents() expects parameter 3 to be resource, array given[E:\\soft\\unggame\\app\\common\\game\\ApiGame.php:188]"}
{"time":"2023-07-14 15:24:13","type":"error","msg":"[0]file_get_contents() expects parameter 3 to be resource, array given[E:\\soft\\unggame\\app\\common\\game\\ApiGame.php:188]"}
{"time":"2023-07-14 16:06:46","type":"error","msg":"[10500]fields not exists:[gamehall][E:\\soft\\unggame\\vendor\\topthink\\think-orm\\src\\db\\Builder.php:164]"}
{"time":"2023-07-14 16:08:20","type":"error","msg":"[10500]fields not exists:[gametech][E:\\soft\\unggame\\vendor\\topthink\\think-orm\\src\\db\\Builder.php:164]"}
{"time":"2023-07-14 16:08:46","type":"error","msg":"[10500]fields not exists:[lang][E:\\soft\\unggame\\vendor\\topthink\\think-orm\\src\\db\\Builder.php:164]"}
{"time":"2023-07-14 16:12:04","type":"error","msg":"[8]Trying to access array offset on value of type null[E:\\soft\\unggame\\app\\admin\\controller\\MkGamelist.php:48]"}
{"time":"2023-07-14 16:12:13","type":"error","msg":"[8]Trying to access array offset on value of type null[E:\\soft\\unggame\\app\\admin\\controller\\MkGamelist.php:48]"}
{"time":"2023-07-14 16:12:31","type":"error","msg":"[8]Trying to access array offset on value of type null[E:\\soft\\unggame\\app\\admin\\controller\\MkGamelist.php:48]"}
{"time":"2023-07-14 16:15:41","type":"error","msg":"[8]Trying to access array offset on value of type null[E:\\soft\\unggame\\app\\admin\\controller\\MkGamelist.php:48]"}
{"time":"2023-07-14 16:26:43","type":"error","msg":"[8]Trying to access array offset on value of type null[E:\\soft\\unggame\\app\\admin\\controller\\MkGamelist.php:48]"}
{"time":"2023-07-14 16:46:28","type":"error","msg":"[10501]SQLSTATE[22001]: String data, right truncated: 1406 Data too long for column 'gamecode' at row 44[E:\\soft\\unggame\\vendor\\topthink\\think-orm\\src\\db\\PDOConnection.php:797]"}
{"time":"2023-07-14 16:56:48","type":"error","msg":"[8]Undefined property: app\\admin\\controller\\MkGamelist::$apigame[E:\\soft\\unggame\\app\\admin\\controller\\MkGamelist.php:141]"}
{"time":"2023-07-14 16:59:06","type":"error","msg":"[0]Too few arguments to function think\\Model::destroy(), 0 passed in E:\\soft\\unggame\\app\\admin\\controller\\MkGamelist.php on line 154 and at least 1 expected[E:\\soft\\unggame\\vendor\\topthink\\think-orm\\src\\Model.php:891]"}
{"time":"2023-07-14 17:19:01","type":"error","msg":"[0]Argument 1 passed to think\\Model::setAttr() must be of the type string, int given, called in E:\\soft\\unggame\\vendor\\topthink\\think-orm\\src\\model\\concern\\Attribute.php on line 356[E:\\soft\\unggame\\vendor\\topthink\\think-orm\\src\\model\\concern\\Attribute.php:368]"}
{"time":"2023-07-14 17:26:05","type":"error","msg":"[0]Argument 1 passed to think\\Model::setAttr() must be of the type string, int given, called in E:\\soft\\unggame\\vendor\\topthink\\think-orm\\src\\model\\concern\\Attribute.php on line 356[E:\\soft\\unggame\\vendor\\topthink\\think-orm\\src\\model\\concern\\Attribute.php:368]"}
{"time":"2023-07-14 17:27:20","type":"error","msg":"[0]Argument 1 passed to think\\Model::setAttr() must be of the type string, int given, called in E:\\soft\\unggame\\vendor\\topthink\\think-orm\\src\\model\\concern\\Attribute.php on line 357[E:\\soft\\unggame\\vendor\\topthink\\think-orm\\src\\model\\concern\\Attribute.php:369]"}
{"time":"2023-07-14 17:30:11","type":"error","msg":"[0]Argument 1 passed to think\\Model::setAttr() must be of the type string, int given, called in E:\\soft\\unggame\\vendor\\topthink\\think-orm\\src\\model\\concern\\Attribute.php on line 357[E:\\soft\\unggame\\vendor\\topthink\\think-orm\\src\\model\\concern\\Attribute.php:369]"}
{"time":"2023-07-14 17:30:52","type":"error","msg":"[0]Argument 1 passed to think\\Model::setAttr() must be of the type string, int given, called in E:\\soft\\unggame\\vendor\\topthink\\think-orm\\src\\model\\concern\\Attribute.php on line 357[E:\\soft\\unggame\\vendor\\topthink\\think-orm\\src\\model\\concern\\Attribute.php:369]"}
{"time":"2023-07-14 17:31:29","type":"error","msg":"[0]Argument 1 passed to think\\Model::setAttr() must be of the type string, int given, called in E:\\soft\\unggame\\vendor\\topthink\\think-orm\\src\\model\\concern\\Attribute.php on line 357[E:\\soft\\unggame\\vendor\\topthink\\think-orm\\src\\model\\concern\\Attribute.php:369]"}
